{
  "stats": {
    "suites": 2,
    "tests": 5,
    "passes": 2,
    "pending": 0,
    "failures": 3,
    "start": "2023-01-25T12:51:29.957Z",
    "end": "2023-01-25T12:56:10.988Z",
    "duration": 281031,
    "testsRegistered": 5,
    "passPercent": 40,
    "pendingPercent": 0,
    "other": 0,
    "hasOther": false,
    "skipped": 0,
    "hasSkipped": false
  },
  "results": [
    {
      "uuid": "bf147a86-dd10-4c9c-9ca5-17ae40a1ecef",
      "title": "",
      "fullFile": "cypress\\e2e\\PM\\PM_ProjectTask.cy.js",
      "file": "cypress\\e2e\\PM\\PM_ProjectTask.cy.js",
      "beforeHooks": [],
      "afterHooks": [],
      "tests": [],
      "suites": [
        {
          "uuid": "c2290ca0-9b9e-41a8-a810-cd697814a473",
          "title": "Project Management",
          "fullFile": "",
          "file": "",
          "beforeHooks": [],
          "afterHooks": [],
          "tests": [],
          "suites": [
            {
              "uuid": "b5b54896-5a3a-4e4a-b148-8a7cf8942c5b",
              "title": "Set Resolution",
              "fullFile": "",
              "file": "",
              "beforeHooks": [],
              "afterHooks": [],
              "tests": [
                {
                  "title": "Edit Project Task Info",
                  "fullTitle": "Project Management Set Resolution Edit Project Task Info",
                  "timedOut": null,
                  "duration": 52916,
                  "state": "passed",
                  "speed": "slow",
                  "pass": true,
                  "fail": false,
                  "pending": false,
                  "context": null,
                  "code": "cy.wait(4000);\ncy.get('.dx-datagrid-content-fixed > .dx-datagrid-table > tbody > [aria-rowindex=\"1\"] > [aria-describedby=\"dx-col-146\"] > .icon-btn-only').click();\ncy.get('.dropdown-menu.show').contains('Edit').click();\ncy.get('.update-name').should('be.visible').contains('Edit Project ');\ncy.get('#lnkPTLClick').click();\ncy.wait(10000);\ncy.get('#workSpace').within(() => {\n  cy.get('.teamworkIcon').contains('R').click({\n    force: true\n  });\n});\ncy.get('#TWGanttArea').find('.taskEditRow').eq(1).within(() => {\n  cy.wait(3000);\n  cy.get('.timelineTaskNameTemplate').find('[title=Edit]').click();\n});\ncy.get('#ProjectTimelinePopup').find('#tasktitle').should('be.visible').contains('Edit Task');\ncy.get('#ProjectTask_Priority').click();\ncy.get('[role=listbox]').get('[role=option]');\ncy.contains('[role=option]', 'High').click();\ncy.get('#SeverityId').click();\ncy.get('[role=listbox]').get('[role=option]');\ncy.contains('[role=option]', 'Major').click();\ncy.get('#btn_Task_Save').click();\ncy.get('.title').then(function ($ptaskinfo) {\n  const Success = $ptaskinfo.text();\n  cy.log(Success);\n  expect(Success).eq('Success');\n});\ncy.log('Project Task updated successfully');",
                  "err": {},
                  "uuid": "fd102b30-bd5e-4dff-a0ad-f64c5369afdf",
                  "parentUUID": "b5b54896-5a3a-4e4a-b148-8a7cf8942c5b",
                  "isHook": false,
                  "skipped": false
                },
                {
                  "title": "Edit Project Task Custom Fields",
                  "fullTitle": "Project Management Set Resolution Edit Project Task Custom Fields",
                  "timedOut": null,
                  "duration": 22727,
                  "state": "failed",
                  "speed": null,
                  "pass": false,
                  "fail": true,
                  "pending": false,
                  "context": "{\n  \"title\": \"cypress-mochawesome-reporter-screenshots\",\n  \"value\": [\n    [\n      {\n        \"title\": \"Failed screenshot\",\n        \"value\": \"\\\\PM_ProjectTask.cy.js\\\\Project Management -- Set Resolution -- Edit Project Task Custom Fields (failed).png\"\n      }\n    ]\n  ]\n}",
                  "code": "cy.wait(4000);\ncy.get('.dx-datagrid-content-fixed > .dx-datagrid-table > tbody > [aria-rowindex=\"1\"] > [aria-describedby=\"dx-col-146\"] > .icon-btn-only').click();\ncy.get('.dropdown-menu.show').contains('Edit').click();\ncy.get('.update-name').should('be.visible').contains('Edit Project ');\ncy.get('#lnkPTLClick').click();\ncy.get('#workSpace').within(() => {\n  cy.get('.teamworkIcon').contains('R').click({\n    force: true\n  });\n});\ncy.get('#TWGanttArea').find('.taskEditRow').eq(1).within(() => {\n  cy.wait(5000);\n  cy.get('.timelineTaskNameTemplate').find('[title=Edit]').click();\n});\ncy.get('#ProjectTimelinePopup').find('#tasktitle').should('be.visible').contains('Edit Task');\ncy.get('#lnkprjtskcustomfield').click();\ncy.get('#gridContainer').within(() => {\n  cy.get('[role=toolbar]').contains('Add a row').click({\n    force: true\n  });\n});\ncy.wait(5000);\ncy.get('[role=presentation]');\ncy.get('[role=row]').find('td').get('[role=gridcell]').eq(3).click();\ncy.get('[role=listbox]').find('[role=option]');\ncy.wait(2000);\ncy.contains('[role=option]', 'Text').click();\ncy.get('[role=presentation]').find('[role=row]').find('td').get('[role=gridcell]').eq(4).click();\ncy.get('[role=listbox]').find('[role=option]');\ncy.contains('[role=option]', 'Text').click();\ncy.get('[src=\"/Theme/AirViewX/images/general_icons/save-round.svg\"]').click();\ncy.get('.title').then(function ($pcustomfield) {\n  const Success = $pcustomfield.text();\n  cy.log(Success);\n  expect(Success).eq('Success');\n});\ncy.log('Project Task Custom Fields added successfully');",
                  "err": {
                    "message": "AssertionError: Timed out retrying after 4000ms: Expected to find element: `#workSpace`, but never found it.",
                    "estack": "AssertionError: Timed out retrying after 4000ms: Expected to find element: `#workSpace`, but never found it.\n    at Context.eval (webpack:///./cypress/e2e/PM/PM_ProjectTask.cy.js:68:9)",
                    "diff": null
                  },
                  "uuid": "d3a4e1d7-f834-4ffc-9bd5-da0be7a29e76",
                  "parentUUID": "b5b54896-5a3a-4e4a-b148-8a7cf8942c5b",
                  "isHook": false,
                  "skipped": false
                },
                {
                  "title": "Add Project Task Trackers",
                  "fullTitle": "Project Management Set Resolution Add Project Task Trackers",
                  "timedOut": null,
                  "duration": 97115,
                  "state": "passed",
                  "speed": "slow",
                  "pass": true,
                  "fail": false,
                  "pending": false,
                  "context": null,
                  "code": "cy.wait(4000);\ncy.get('.dx-datagrid-content-fixed > .dx-datagrid-table > tbody > [aria-rowindex=\"1\"] > [aria-describedby=\"dx-col-146\"] > .icon-btn-only').click();\ncy.get('.dropdown-menu.show').contains('Edit').click();\ncy.get('.update-name').should('be.visible').contains('Edit Project ');\ncy.get('#lnkPTLClick').click();\ncy.wait(10000);\ncy.get('#workSpace').within(() => {\n  cy.get('.teamworkIcon').contains('R').click({\n    force: true\n  });\n});\ncy.get('#TWGanttArea').find('.taskEditRow').eq(1).within(() => {\n  cy.wait(5000);\n  cy.get('.timelineTaskNameTemplate').find('[title=Edit]').click();\n});\ncy.get('#ProjectTimelinePopup').find('#tasktitle').should('be.visible').contains('Edit Task');\ncy.get('#lnkTTracker').click();\ncy.wait(5000);\ncy.get('#gridProjectTaskTracker').within(() => {\n  cy.get('[role=toolbar]').contains('Add a row').click({\n    force: true\n  });\n});\ncy.wait(5000);\ncy.get('[role=presentation]');\ncy.get('[role=row]').find('td').get('[role=gridcell]').eq(2).as('ptcode').wait(1000);\ncy.get('@ptcode').type('PT1');\ncy.get('[role=presentation]');\ncy.get('[role=row]').find('td').get('[role=gridcell]').eq(3).as('ptname');\ncy.get('@ptname').type('Project Tracker 1');\ncy.get('[role=presentation]');\ncy.get('[role=row]').find('td').get('[role=gridcell]').eq(4).click().wait(2000);\ncy.get('[role=listbox]').get('[role=option]').should('be.visible');\ncy.contains('[role=option]', 'Equipments').click();\ncy.get('[role=presentation]');\ncy.get('[role=row]').find('td').get('[role=gridcell]').eq(5).click().wait(2000);\ncy.get('[role=listbox]').get('[role=option]').should('be.visible');\ncy.contains('[role=option]', 'Antenna').click();\ncy.get('[role=presentation]');\ncy.get('[role=row]').find('td').get('[role=gridcell]').eq(6).click().wait(2000);\ncy.get('[role=listbox]').get('[role=option]').should('be.visible');\ncy.contains('[role=option]', 'Repair').click();\ncy.get('[role=presentation]');\ncy.get('[role=row]').find('td').get('[role=gridcell]').eq(7);\ncy.get('[role=checkbox]').get('[aria-checked=\"false\"]').click({\n  multiple: true,\n  force: true\n});\ncy.get('[role=presentation]');\ncy.get('[role=row]').find('td').get('[role=gridcell]').eq(7).get('[role=checkbox]').then($KPIcheck => {\n  if ($KPIcheck.is('[aria-checked=\"true\"]')) {\n    cy.get('[role=presentation]');\n    cy.get('[role=row]').find('td').get('[role=gridcell]').eq(8).click().wait(2000);\n    cy.get('[role=listbox]').get('[role=option]');\n    cy.contains('[role=option]', 'Manual').click();\n  }\n});\ncy.get('[role=presentation]');\ncy.get('[role=row]').find('td').get('[role=gridcell]').eq(9).click().wait(2000);\ncy.get('[role=listbox]').get('[role=option]');\ncy.contains('[role=option]', /^AlphaNumeric$/).click();\ncy.get('[role=presentation]');\ncy.get('[role=row]').find('td').get('[role=gridcell]').eq(12).click().as('tracker');\ncy.get('@tracker').type('25');\ncy.get('[src=\"/Theme/AirViewX/images/general_icons/save-round.svg\"]').click({\n  multiple: true,\n  force: true\n});\ncy.get('#btnPTTSubmit').click();\ncy.get('.title').then(function ($timeline) {\n  const Success = $timeline.text();\n  cy.log(Success);\n  expect(Success).eq('Success');\n});\ncy.log('Project Task Tracker added successfully');",
                  "err": {},
                  "uuid": "6d88e894-a078-4369-b735-85612659d89e",
                  "parentUUID": "b5b54896-5a3a-4e4a-b148-8a7cf8942c5b",
                  "isHook": false,
                  "skipped": false
                },
                {
                  "title": "Add Resources on Project Task",
                  "fullTitle": "Project Management Set Resolution Add Resources on Project Task",
                  "timedOut": null,
                  "duration": 52429,
                  "state": "failed",
                  "speed": null,
                  "pass": false,
                  "fail": true,
                  "pending": false,
                  "context": "{\n  \"title\": \"cypress-mochawesome-reporter-screenshots\",\n  \"value\": [\n    [\n      {\n        \"title\": \"Failed screenshot\",\n        \"value\": \"\\\\PM_ProjectTask.cy.js\\\\Project Management -- Set Resolution -- Add Resources on Project Task (failed).png\"\n      }\n    ]\n  ]\n}",
                  "code": "const qaresourcetype = 'QA Team';\nconst qataskresourcename = 'Bilal';\ncy.wait(4000);\ncy.get('.dx-datagrid-content-fixed > .dx-datagrid-table > tbody > [aria-rowindex=\"1\"] > [aria-describedby=\"dx-col-146\"] > .icon-btn-only').click();\ncy.get('.dropdown-menu.show').contains('Edit').click();\ncy.get('.update-name').should('be.visible').contains('Edit Project ');\ncy.get('#lnkPTLClick').click();\ncy.wait(10000);\ncy.get('#workSpace').within(() => {\n  cy.get('.teamworkIcon').contains('R').click({\n    force: true\n  });\n});\ncy.get('#TWGanttArea').find('.taskEditRow').eq(1).within(() => {\n  cy.wait(5000);\n  cy.get('.timelineTaskNameTemplate').find('[title=Edit]').click();\n});\ncy.get('#ProjectTimelinePopup').find('#tasktitle').should('be.visible').contains('Edit Task');\ncy.get('#lnkTResource').click();\ncy.wait(5000);\ncy.get('#gridProjectTaskResource').within(() => {\n  cy.get('[role=toolbar]').contains('Add a row').click({\n    force: true\n  });\n});\ncy.wait(5000);\ncy.get('[role=presentation]');\ncy.get('[role=row]').find('td').get('[role=gridcell]').eq(0).click();\ncy.get('[role=listbox]').get('[role=option]');\ncy.contains('[role=option]', 'People').click();\ncy.get('[role=presentation]');\ncy.get('[role=row]').find('td').get('[role=gridcell]').eq(1).click();\ncy.get('[role=group]').get('[role=treeitem]');\ncy.contains('[role=treeitem]', qataskresourcename).click();\ncy.get('[src=\"/Theme/AirViewX/images/general_icons/save-round.svg\"]').click({\n  multiple: true,\n  force: true\n});\ncy.log('Resource Add Successfull');",
                  "err": {
                    "message": "CypressError: Timed out retrying after 4050ms: `cy.click()` failed because this element is not visible:\n\n`<td aria-describedby=\"dx-col-1\" aria-selected=\"false\" role=\"gridcell\" aria-colindex=\"1\" class=\"dx-treelist-cell-expandable\" tabindex=\"0\" style=\"text-align: left; min-width: 200px; max-width: 200px; width: 200px;\">...</td>`\n\nThis element `<td.dx-treelist-cell-expandable>` is not visible because its parent `<div#ProjectResourcesPlan.tab-pane.fade.in.p-0>` has CSS property: `display: none`\n\nFix this problem, or use `{force: true}` to disable error checking.\n\nhttps://on.cypress.io/element-cannot-be-interacted-with",
                    "estack": "CypressError: Timed out retrying after 4050ms: `cy.click()` failed because this element is not visible:\n\n`<td aria-describedby=\"dx-col-1\" aria-selected=\"false\" role=\"gridcell\" aria-colindex=\"1\" class=\"dx-treelist-cell-expandable\" tabindex=\"0\" style=\"text-align: left; min-width: 200px; max-width: 200px; width: 200px;\">...</td>`\n\nThis element `<td.dx-treelist-cell-expandable>` is not visible because its parent `<div#ProjectResourcesPlan.tab-pane.fade.in.p-0>` has CSS property: `display: none`\n\nFix this problem, or use `{force: true}` to disable error checking.\n\nhttps://on.cypress.io/element-cannot-be-interacted-with\n    at runVisibilityCheck (http://192.168.3.39:9009/__cypress/runner/cypress_runner.js:147850:76)\n    at $Cy.ensureStrictVisibility (http://192.168.3.39:9009/__cypress/runner/cypress_runner.js:147866:12)\n    at runAllChecks (http://192.168.3.39:9009/__cypress/runner/cypress_runner.js:133546:14)\n    at retryActionability (http://192.168.3.39:9009/__cypress/runner/cypress_runner.js:133601:16)\n    at tryCatcher (http://192.168.3.39:9009/__cypress/runner/cypress_runner.js:11327:23)\n    at Promise.attempt.Promise.try (http://192.168.3.39:9009/__cypress/runner/cypress_runner.js:8601:29)\n    at whenStable (http://192.168.3.39:9009/__cypress/runner/cypress_runner.js:153099:65)\n    at <unknown> (http://192.168.3.39:9009/__cypress/runner/cypress_runner.js:152508:14)\n    at tryCatcher (http://192.168.3.39:9009/__cypress/runner/cypress_runner.js:11327:23)\n    at Promise._settlePromiseFromHandler (http://192.168.3.39:9009/__cypress/runner/cypress_runner.js:9262:31)\n    at Promise._settlePromise (http://192.168.3.39:9009/__cypress/runner/cypress_runner.js:9319:18)\n    at Promise._settlePromise0 (http://192.168.3.39:9009/__cypress/runner/cypress_runner.js:9364:10)\n    at Promise._settlePromises (http://192.168.3.39:9009/__cypress/runner/cypress_runner.js:9444:18)\n    at Promise._fulfill (http://192.168.3.39:9009/__cypress/runner/cypress_runner.js:9388:18)\n    at <unknown> (http://192.168.3.39:9009/__cypress/runner/cypress_runner.js:11002:46)\nFrom Your Spec Code:\n    at Context.eval (webpack:///./cypress/e2e/PM/PM_ProjectTask.cy.js:220:67)",
                    "diff": null
                  },
                  "uuid": "afe15b13-b656-431b-bff8-7f628817a8e9",
                  "parentUUID": "b5b54896-5a3a-4e4a-b148-8a7cf8942c5b",
                  "isHook": false,
                  "skipped": false
                },
                {
                  "title": "Add Baseline Allocation on Project Task",
                  "fullTitle": "Project Management Set Resolution Add Baseline Allocation on Project Task",
                  "timedOut": null,
                  "duration": 50544,
                  "state": "failed",
                  "speed": null,
                  "pass": false,
                  "fail": true,
                  "pending": false,
                  "context": "{\n  \"title\": \"cypress-mochawesome-reporter-screenshots\",\n  \"value\": [\n    [\n      {\n        \"title\": \"Failed screenshot\",\n        \"value\": \"\\\\PM_ProjectTask.cy.js\\\\Project Management -- Set Resolution -- Add Baseline Allocation on Project Task (failed).png\"\n      }\n    ]\n  ]\n}",
                  "code": "cy.wait(4000);\ncy.get('.dx-datagrid-content-fixed > .dx-datagrid-table > tbody > [aria-rowindex=\"1\"] > [aria-describedby=\"dx-col-146\"] > .icon-btn-only').click();\ncy.get('.dropdown-menu.show').contains('Edit').click();\ncy.get('.update-name').should('be.visible').contains('Edit Project ');\ncy.get('#lnkPTLClick').click();\ncy.wait(10000);\ncy.get('#workSpace').within(() => {\n  cy.get('.teamworkIcon').contains('R').click({\n    force: true\n  });\n});\ncy.get('#TWGanttArea').find('.taskEditRow').eq(1).within(() => {\n  cy.wait(3000);\n  cy.get('.timelineTaskNameTemplate').find('[title=Edit]').click();\n});\ncy.get('#ProjectTimelinePopup').find('#tasktitle').should('be.visible').contains('Edit Task');\ncy.get('#lnkProjectTaskTimelineAllocation').click();\ncy.wait(5000);\ncy.get('#gridProjectTaskTimelineAllocation').within(() => {\n  cy.get('[role=toolbar]').contains('Add a row').click({\n    force: true\n  });\n});\ncy.wait(5000);\ncy.get('[role=presentation]');\ncy.get('[role=row]').find('td').get('[role=gridcell]').eq(1).click({\n  force: true\n});\ncy.get('[role=listbox]').get('[role=option]');\ncy.contains('[role=option]', 'People').click();\ncy.get('[role=presentation]');\ncy.get('[role=row]').find('td').get('[role=gridcell]').eq(2).click({\n  force: true\n});\ncy.get('[role=listbox]').get('[role=option]');\ncy.contains('[role=option]', 'QA').click();\ncy.get('[role=presentation]');\ncy.get('[role=row]').find('td').get('[role=gridcell]').eq(3).click({\n  force: true\n});\ncy.get('[role=listbox]').get('[role=option]');\ncy.contains('[role=option]', 'QA').click();\ncy.get('[role=presentation]');\ncy.get('[role=row]').find('td').get('[role=gridcell]').eq(4).click({\n  force: true\n});\ncy.get('[role=listbox]').get('[role=option]');\ncy.contains('[role=option]', 'Manager').click();\ncy.get('[role=presentation]');\ncy.get('[role=row]').find('td').get('[role=gridcell]').eq(5).click().as('nresource');\ncy.get('@nresource').type('5');\ncy.get('[role=presentation]');\ncy.get('[role=row]').find('td').get('[role=gridcell]').eq(5).click().as('allocation');\ncy.get('@allocation').type('25');\ncy.get('[src=\"/Theme/AirViewX/images/general_icons/save-round.svg\"]').click({\n  multiple: true,\n  force: true\n});\ncy.get('.title').then(function ($timeline) {\n  const Success = $timeline.text();\n  cy.log(Success);\n  expect(Success).eq('Success');\n});\ncy.log('Project Baseline Allocation added successfully');",
                  "err": {
                    "message": "AssertionError: Timed out retrying after 4000ms: Expected to find content: 'People' within the selector: '[role=option]' but never did.",
                    "estack": "AssertionError: Timed out retrying after 4000ms: Expected to find content: 'People' within the selector: '[role=option]' but never did.\n    at Context.eval (webpack:///./cypress/e2e/PM/PM_ProjectTask.cy.js:264:9)",
                    "diff": null
                  },
                  "uuid": "fc1f00bf-854a-46c5-8005-8ef0470f34c2",
                  "parentUUID": "b5b54896-5a3a-4e4a-b148-8a7cf8942c5b",
                  "isHook": false,
                  "skipped": false
                }
              ],
              "suites": [],
              "passes": [
                "fd102b30-bd5e-4dff-a0ad-f64c5369afdf",
                "6d88e894-a078-4369-b735-85612659d89e"
              ],
              "failures": [
                "d3a4e1d7-f834-4ffc-9bd5-da0be7a29e76",
                "afe15b13-b656-431b-bff8-7f628817a8e9",
                "fc1f00bf-854a-46c5-8005-8ef0470f34c2"
              ],
              "pending": [],
              "skipped": [],
              "duration": 275731,
              "root": false,
              "rootEmpty": false,
              "_timeout": 2000
            }
          ],
          "passes": [],
          "failures": [],
          "pending": [],
          "skipped": [],
          "duration": 0,
          "root": false,
          "rootEmpty": false,
          "_timeout": 2000
        }
      ],
      "passes": [],
      "failures": [],
      "pending": [],
      "skipped": [],
      "duration": 0,
      "root": true,
      "rootEmpty": true,
      "_timeout": 2000
    }
  ],
  "meta": {
    "mocha": {
      "version": "7.0.1"
    },
    "mochawesome": {
      "options": {
        "quiet": false,
        "reportFilename": "mochawesome",
        "saveHtml": false,
        "saveJson": true,
        "consoleReporter": "spec",
        "useInlineDiffs": false,
        "code": true
      },
      "version": "7.1.3"
    },
    "marge": {
      "options": {
        "overwrite": false,
        "html": false,
        "json": true,
        "reportDir": "cypress\\reports\\html\\.jsons"
      },
      "version": "6.2.0"
    }
  }
}