{
  "stats": {
    "suites": 2,
    "tests": 7,
    "passes": 5,
    "pending": 0,
    "failures": 2,
    "start": "2023-01-25T12:45:59.312Z",
    "end": "2023-01-25T12:50:54.335Z",
    "duration": 295023,
    "testsRegistered": 7,
    "passPercent": 71.42857142857143,
    "pendingPercent": 0,
    "other": 0,
    "hasOther": false,
    "skipped": 0,
    "hasSkipped": false
  },
  "results": [
    {
      "uuid": "0f8fe128-5068-40e1-b0df-f3198ea40b7b",
      "title": "",
      "fullFile": "cypress\\e2e\\PM\\PM_Project.cy.js",
      "file": "cypress\\e2e\\PM\\PM_Project.cy.js",
      "beforeHooks": [],
      "afterHooks": [],
      "tests": [],
      "suites": [
        {
          "uuid": "75714641-9af5-4981-bfbf-c8adaf2b366b",
          "title": "Project Management",
          "fullFile": "",
          "file": "",
          "beforeHooks": [],
          "afterHooks": [],
          "tests": [],
          "suites": [
            {
              "uuid": "ba63a193-de67-4a07-abd3-3795247ac90c",
              "title": "Set Resolution",
              "fullFile": "",
              "file": "",
              "beforeHooks": [],
              "afterHooks": [],
              "tests": [
                {
                  "title": "Edit Project",
                  "fullTitle": "Project Management Set Resolution Edit Project",
                  "timedOut": null,
                  "duration": 46877,
                  "state": "passed",
                  "speed": "slow",
                  "pass": true,
                  "fail": false,
                  "pending": false,
                  "context": null,
                  "code": "var rin;\ncy.wait(4000);\ncy.get('.dx-datagrid-content-fixed > .dx-datagrid-table > tbody > [aria-rowindex=\"1\"] > [aria-describedby=\"dx-col-146\"] > .icon-btn-only').click();\ncy.get('.dropdown-menu.show').contains('Edit').click();\ncy.get('.update-name').should('be.visible').contains('Edit Project ');\ncy.wait(10000);",
                  "err": {},
                  "uuid": "d1dbe535-e470-4c83-aefd-e86785649163",
                  "parentUUID": "ba63a193-de67-4a07-abd3-3795247ac90c",
                  "isHook": false,
                  "skipped": false
                },
                {
                  "title": "Add Company Delivery",
                  "fullTitle": "Project Management Set Resolution Add Company Delivery",
                  "timedOut": null,
                  "duration": 23239,
                  "state": "passed",
                  "speed": "slow",
                  "pass": true,
                  "fail": false,
                  "pending": false,
                  "context": null,
                  "code": "cy.wait(4000);\ncy.get('.dx-datagrid-content-fixed > .dx-datagrid-table > tbody > [aria-rowindex=\"1\"] > [aria-describedby=\"dx-col-146\"] > .icon-btn-only').click();\ncy.get('.dropdown-menu.show').contains('Edit').click();\ncy.get('.update-name').should('be.visible').contains('Edit Project ');\ncy.get('#liDeliveries').click();\ncy.wait(5000);\ncy.get('#SLAGrid').within(() => {\n  cy.get('[role=toolbar]').get('[aria-label=plus]').as('csla');\n  cy.get('@csla').click({\n    force: true\n  });\n});\ncy.get('[data-target=\"AssociateSla\"]').should('be.visible');\ncy.get('#Name').type(CompanySLA);\ncy.get('#SlaPriorityId').click();\ncy.get('[role=listbox]').get('[role=option]');\ncy.contains('[role=option]', 'High').click();\ncy.get('#SeverityId').click();\ncy.get('[role=listbox]').get('[role=option]');\ncy.contains('[role=option]', 'Major').click();\ncy.get('#btnsavesla').click();\ncy.get('.title').then(function ($comsla) {\n  const Success = $comsla.text();\n  cy.log(Success);\n  expect(Success).eq('Success');\n});",
                  "err": {},
                  "uuid": "e001f295-b531-4690-ae91-f50f2f79c32a",
                  "parentUUID": "ba63a193-de67-4a07-abd3-3795247ac90c",
                  "isHook": false,
                  "skipped": false
                },
                {
                  "title": "Edit Project Settings",
                  "fullTitle": "Project Management Set Resolution Edit Project Settings",
                  "timedOut": null,
                  "duration": 25536,
                  "state": "passed",
                  "speed": "slow",
                  "pass": true,
                  "fail": false,
                  "pending": false,
                  "context": null,
                  "code": "cy.wait(4000);\ncy.get('.dx-datagrid-content-fixed > .dx-datagrid-table > tbody > [aria-rowindex=\"1\"] > [aria-describedby=\"dx-col-146\"] > .icon-btn-only').click();\ncy.get('.dropdown-menu.show').contains('Edit').click();\ncy.get('.update-name').should('be.visible').contains('Edit Project ');\ncy.get('#lnkSettings').click();\ncy.wait(4000); //Time Zine Selection//\ncy.get('#TimeZoneId').then($TimeZone => {\n  if ($TimeZone.is(':disabled')) {\n    cy.log('Time Zone is disabled');\n  } else {\n    cy.get('#TimeZoneId').clear().type('Karachi');\n    cy.get('[role=\"listbox\"]').should('be.visible').contains('[role=option]', 'Karachi').click();\n    cy.log('TimeZone is Enabled');\n  }\n}); ////////////////////////////\ncy.get('#Color').click();\ncy.get('#TicketName').click(); //cy.get('h4').contains('General').click()\ncy.get('h4').contains('Calendar').click();\ncy.get('h4').contains('Currency').click(); ///////////////////////////////////////\n//cy.get('#Sunday').log('Sunday')\ncy.get('#Sunday').then($sun => {\n  if ($sun.is(':unchecked')) {\n    cy.wait(3000);\n    cy.get('#Sunday').click(['Sunday']);\n    cy.log('Sunday is unchecked');\n  } else {\n    //cy.get('#Sunday').click(['Sunday'])\n    cy.wait(5000);\n    cy.log('Sunday is check');\n  }\n}); ////////////////////////////////////////\ncy.get('#txtShiftStartTime').click(); //cy.get('#btnSubmit_Configuration').click()\ncy.log('Test Case Pass');",
                  "err": {},
                  "uuid": "68885fc2-3c4f-4ff7-9662-2b5b87c06818",
                  "parentUUID": "ba63a193-de67-4a07-abd3-3795247ac90c",
                  "isHook": false,
                  "skipped": false
                },
                {
                  "title": "Add Project Resources",
                  "fullTitle": "Project Management Set Resolution Add Project Resources",
                  "timedOut": null,
                  "duration": 74889,
                  "state": "passed",
                  "speed": "slow",
                  "pass": true,
                  "fail": false,
                  "pending": false,
                  "context": null,
                  "code": "// const qaresourcetype = 'QA Team'\n// const resourcename = 'Bilal'\ncy.wait(4000);\ncy.get('.dx-datagrid-content-fixed > .dx-datagrid-table > tbody > [aria-rowindex=\"1\"] > [aria-describedby=\"dx-col-146\"] > .icon-btn-only').click();\ncy.get('.dropdown-menu.show').contains('Edit').click();\ncy.get('.update-name').should('be.visible').contains('Edit Project ');\ncy.get('#lnkPTRClick').click();\ncy.wait(10000); ///////Resource Group////////////////    \ncy.get('#gridProjectResource').within(() => {\n  cy.get('[role=toolbar]').get('[title=Teams]').click({\n    force: true\n  });\n});\ncy.wait(5000);\ncy.get('#wGroupGrid').within(() => {\n  cy.get('[role=toolbar]').contains('Add a row').click({\n    force: true\n  });\n  cy.wait(5000);\n  cy.get('[role=presentation]');\n  cy.get('[role=row]').find('td').get('[role=gridcell]').eq(0).as('type1');\n  cy.get('@type1').should('be.visible').type(qaresourcetype);\n  cy.get('[role=row]').find('td').get('[role=gridcell]').eq(1).click().as('rtype');\n  cy.get('@rtype').type('People');\n});\ncy.get('[role=listbox]').find('[role=option]');\ncy.contains('[role=option]', 'People').click({\n  force: true\n});\ncy.get('#wGroupGrid').within(() => {\n  cy.get('[src=\"/Theme/AirViewX/images/general_icons/save-round.svg\"]').click();\n});\ncy.get('.modal-header').find('.close').click({\n  multiple: true,\n  force: true\n}); /////////////////////////////////\ncy.get('#lnkPTRClick').click();\ncy.wait(5000);\ncy.get('#gridProjectResource').within(() => {\n  cy.get('[role=toolbar]').contains('Add a row').click({\n    force: true\n  });\n});\ncy.wait(5000);\ncy.get('[role=presentation]');\ncy.get('[role=row]').find('td').get('[role=gridcell]').eq(0).click();\ncy.get('[role=listbox]').find('[role=option]');\ncy.contains('[role=option]', 'People').click({\n  force: true\n});\ncy.get('[role=presentation]');\ncy.get('[role=row]').find('td').get('[role=gridcell]').eq(1).click();\ncy.get('[role=group]').find('[role=treeitem]');\ncy.contains('[role=treeitem]', qaresourcetype).click();\ncy.get('[role=presentation]');\ncy.get('[role=row]').find('td').get('[role=gridcell]').eq(2).click();\ncy.get('[role=listbox]').find('[role=option]');\ncy.contains('[role=option]', resourcename).click({\n  force: true\n});\ncy.get('[role=presentation]');\ncy.get('[role=row]').find('td').get('[role=gridcell]').eq(4).click();\ncy.get('[role=group]').contains('[role=group]', 'Saudi').click();\ncy.get('[role=group]').should('exist');\ncy.get('[role=presentation]');\ncy.get('[role=row]').find('td').get('[role=gridcell]').eq(8).click().within(() => {\n  cy.get('[role=button]').click();\n});\ncy.get('[role=listbox]').get('[role=option]').contains('[role=option]', '09:00').click();\ncy.get('[role=presentation]');\ncy.get('[role=row]').find('td').get('[role=gridcell]').eq(9).click().type('18:00');\ncy.get('[role=presentation]');\ncy.get('[role=row]').find('td').get('[role=gridcell]').eq(11).click().as('rhr');\ncy.get('@rhr').type('25');\ncy.get('[src=\"/Theme/AirViewX/images/general_icons/save-round.svg\"]').click({\n  multiple: true,\n  force: true\n});\ncy.get('#btnTRSubmit').click();\ncy.get('.title').then(function ($timeline) {\n  const Success = $timeline.text();\n  cy.log(Success);\n  expect(Success).eq('Success');\n});\ncy.log('Resource Add Successfully');\ncy.wait(5000);",
                  "err": {},
                  "uuid": "2d692277-9e59-4ffa-8ec8-91fa6797c01a",
                  "parentUUID": "ba63a193-de67-4a07-abd3-3795247ac90c",
                  "isHook": false,
                  "skipped": false
                },
                {
                  "title": "Add Custom Fields on Project",
                  "fullTitle": "Project Management Set Resolution Add Custom Fields on Project",
                  "timedOut": null,
                  "duration": 29695,
                  "state": "failed",
                  "speed": null,
                  "pass": false,
                  "fail": true,
                  "pending": false,
                  "context": "{\n  \"title\": \"cypress-mochawesome-reporter-screenshots\",\n  \"value\": [\n    [\n      {\n        \"title\": \"Failed screenshot\",\n        \"value\": \"\\\\PM_Project.cy.js\\\\Project Management -- Set Resolution -- Add Custom Fields on Project (failed).png\"\n      }\n    ]\n  ]\n}",
                  "code": "cy.wait(4000);\ncy.get('.dx-datagrid-content-fixed > .dx-datagrid-table > tbody > [aria-rowindex=\"1\"] > [aria-describedby=\"dx-col-146\"] > .icon-btn-only').click();\ncy.get('.dropdown-menu.show').contains('Edit').click();\ncy.get('.update-name').should('be.visible').contains('Edit Project ');\ncy.get('#lnkProjectCustomParams').click();\ncy.wait(5000);\ncy.get('#gridContainer').within(() => {\n  cy.get('[role=toolbar]').contains('Add a row').click({\n    force: true\n  });\n});\ncy.wait(3000);\ncy.get('[role=presentation]');\ncy.get('[role=row]').find('td').get('[role=gridcell]').eq(3).click();\ncy.get('[role=listbox]').get('[role=option]');\ncy.contains('[role=option]', 'Text').click();\ncy.get('[role=presentation]').find('td').get('[role=gridcell]').eq(4).click();\ncy.get('[role=listbox]').get('[role=option]');\ncy.contains('[role=option]', 'Text').click();\ncy.get('[src=\"/Theme/AirViewX/images/general_icons/save-round.svg\"]').click();\ncy.get('.title').then(function ($timeline) {\n  const Success = $timeline.text();\n  cy.log(Success);\n  expect(Success).eq('Success');\n});",
                  "err": {
                    "message": "AssertionError: Timed out retrying after 4000ms: Expected to find element: `.title`, but never found it.",
                    "estack": "AssertionError: Timed out retrying after 4000ms: Expected to find element: `.title`, but never found it.\n    at Context.eval (webpack:///./cypress/e2e/PM/PM_Project.cy.js:253:7)",
                    "diff": null
                  },
                  "uuid": "20aa55a4-8f43-4bc9-af83-b261c701d94c",
                  "parentUUID": "ba63a193-de67-4a07-abd3-3795247ac90c",
                  "isHook": false,
                  "skipped": false
                },
                {
                  "title": "Add Trackers on Project",
                  "fullTitle": "Project Management Set Resolution Add Trackers on Project",
                  "timedOut": null,
                  "duration": 57887,
                  "state": "passed",
                  "speed": "slow",
                  "pass": true,
                  "fail": false,
                  "pending": false,
                  "context": null,
                  "code": "cy.wait(4000);\ncy.get('.dx-datagrid-content-fixed > .dx-datagrid-table > tbody > [aria-rowindex=\"1\"] > [aria-describedby=\"dx-col-146\"] > .icon-btn-only').click({\n  force: true\n});\ncy.get('.dropdown-menu.show > ul > :nth-child(1) > a').click();\ncy.get('.update-name').should('be.visible').contains('Edit Project ');\ncy.get('#lnkPTracker').click();\ncy.wait(5000);\ncy.get('#gridProjectTracker').within(() => {\n  cy.get('[role=toolbar]').contains('Add a row').click({\n    force: true\n  });\n});\ncy.wait(3000);\ncy.get('[role=presentation]');\ncy.get('[role=row]').find('td').get('[role=gridcell]').eq(2).as('ptcode').wait(1000);\ncy.get('@ptcode').type('PT1');\ncy.get('[role=presentation]');\ncy.get('[role=row]').find('td').get('[role=gridcell]').eq(3).as('ptname');\ncy.get('@ptname').type('Project Tracker 1');\ncy.get('[role=presentation]');\ncy.get('[role=row]').find('td').get('[role=gridcell]').eq(4).click().wait(2000);\ncy.get('[role=listbox]').get('[role=option]').should('be.visible');\ncy.contains('[role=option]', 'Equipments').click();\ncy.get('[role=presentation]');\ncy.get('[role=row]').find('td').get('[role=gridcell]').eq(5).click().wait(2000);\ncy.get('[role=listbox]').get('[role=option]').should('be.visible');\ncy.contains('[role=option]', 'Antenna').click();\ncy.get('[role=presentation]');\ncy.get('[role=row]').find('td').get('[role=gridcell]').eq(6).click().wait(2000);\ncy.get('[role=listbox]').get('[role=option]').should('be.visible');\ncy.contains('[role=option]', 'Repair').click();\ncy.get('[role=presentation]');\ncy.get('[role=row]').find('td').get('[role=gridcell]').eq(7);\ncy.get('[role=checkbox]').get('[aria-checked=\"false\"]').click({\n  multiple: true,\n  force: true\n});\ncy.get('[role=presentation]');\ncy.get('[role=row]').find('td').get('[role=gridcell]').eq(7).get('[role=checkbox]').then($KPIcheck => {\n  if ($KPIcheck.is('[aria-checked=\"true\"]')) {\n    cy.get('[role=presentation]');\n    cy.get('[role=row]').find('td').get('[role=gridcell]').eq(8).click().wait(2000);\n    cy.get('[role=listbox]').get('[role=option]');\n    cy.contains('[role=option]', 'Manual').click();\n  }\n});\ncy.get('[role=presentation]');\ncy.get('[role=row]').find('td').get('[role=gridcell]').eq(9).click().wait(2000);\ncy.get('[role=listbox]').get('[role=option]');\ncy.contains('[role=option]', /^AlphaNumeric$/).click();\ncy.get('[role=presentation]');\ncy.get('[role=row]').find('td').get('[role=gridcell]').eq(12).click().as('tracker');\ncy.get('@tracker').type('25');\ncy.get('[src=\"/Theme/AirViewX/images/general_icons/save-round.svg\"]').click({\n  multiple: true,\n  force: true\n});\ncy.get('#btnPTSubmit').click();\ncy.get('.title').then(function ($vendorsla) {\n  const Success = $vendorsla.text();\n  cy.log(Success);\n  expect(Success).eq('Success');\n});\ncy.log('Trackers added successfully');",
                  "err": {},
                  "uuid": "f03352c6-e8e8-4d80-9aee-1f9c253b3241",
                  "parentUUID": "ba63a193-de67-4a07-abd3-3795247ac90c",
                  "isHook": false,
                  "skipped": false
                },
                {
                  "title": "Add Global and Local Task on Timeline",
                  "fullTitle": "Project Management Set Resolution Add Global and Local Task on Timeline",
                  "timedOut": null,
                  "duration": 31778,
                  "state": "failed",
                  "speed": null,
                  "pass": false,
                  "fail": true,
                  "pending": false,
                  "context": "{\n  \"title\": \"cypress-mochawesome-reporter-screenshots\",\n  \"value\": [\n    [\n      {\n        \"title\": \"Failed screenshot\",\n        \"value\": \"\\\\PM_Project.cy.js\\\\Project Management -- Set Resolution -- Add Global and Local Task on Timeline (failed).png\"\n      }\n    ]\n  ]\n}",
                  "code": "cy.wait(4000);\ncy.get('.dx-datagrid-content-fixed > .dx-datagrid-table > tbody > [aria-rowindex=\"1\"] > [aria-describedby=\"dx-col-146\"] > .icon-btn-only').click();\ncy.get('.dropdown-menu.show').contains('Edit').click();\ncy.get('.update-name').should('be.visible').contains('Edit Project ');\ncy.get('#lnkPTLClick').click();\ncy.wait(5000);\ncy.get('#workSpace').within(() => {\n  cy.get('.teamworkIcon').contains('R').click({\n    force: true\n  });\n});\ncy.wait(3000);\ncy.get('#TWGanttArea').find('.taskEditRow').eq(1).find('td.taskTitle').as('task');\ncy.get('@task').type('Issue');\ncy.get('.ui-widget-content').find('.ui-menu-item').contains('Issue Material').click();\ncy.get('#TWGanttArea').find('.taskEditRow').eq(1).find('td.timeline_required_time').as('rtime');\ncy.get('@rtime').type('8');\ncy.get('#btnSaveGantChart').click();\ncy.get('.title').then(function ($vendorsla) {\n  const Success = $vendorsla.text();\n  cy.log(Success);\n  expect(Success).eq('Success');\n});\ncy.log('Global Task added successfully');\ncy.wait(2000);\ncy.get('#TWGanttArea').find('.taskEditRow').eq(2).find('td.taskTitle').as('task');\ncy.get('@task').type('Local Task');\ncy.get('#TWGanttArea').find('.taskEditRow').eq(2).find('td.timeline_required_time').as('rtime');\ncy.get('@rtime').type('8');\ncy.get('#btnSaveGantChart').click();\ncy.get('.title').then(function ($timeline) {\n  const Success = $timeline.text();\n  cy.log(Success);\n  expect(Success).eq('Success');\n});\ncy.log('Local Task added successfully');",
                  "err": {
                    "message": "CypressError: Timed out retrying after 4000ms: `cy.type()` failed because this element:\n\n`<td class=\"gdfCell indentCell  taskTitle\" style=\"padding-left:28px;\">...</td>`\n\nis being covered by another element:\n\n`<div class=\"splitterContainer\">...</div>`\n\nFix this problem, or use {force: true} to disable error checking.\n\nhttps://on.cypress.io/element-cannot-be-interacted-with",
                    "estack": "CypressError: Timed out retrying after 4000ms: `cy.type()` failed because this element:\n\n`<td class=\"gdfCell indentCell  taskTitle\" style=\"padding-left:28px;\">...</td>`\n\nis being covered by another element:\n\n`<div class=\"splitterContainer\">...</div>`\n\nFix this problem, or use {force: true} to disable error checking.\n\nhttps://on.cypress.io/element-cannot-be-interacted-with\n    at $Cy.ensureDescendents (http://192.168.3.39:9009/__cypress/runner/cypress_runner.js:148008:78)\n    at ensureDescendents (http://192.168.3.39:9009/__cypress/runner/cypress_runner.js:133248:8)\n    at ensureDescendentsAndScroll (http://192.168.3.39:9009/__cypress/runner/cypress_runner.js:133255:14)\n    at ensureElIsNotCovered (http://192.168.3.39:9009/__cypress/runner/cypress_runner.js:133387:5)\n    at runAllChecks (http://192.168.3.39:9009/__cypress/runner/cypress_runner.js:133577:52)\n    at retryActionability (http://192.168.3.39:9009/__cypress/runner/cypress_runner.js:133601:16)\n    at tryCatcher (http://192.168.3.39:9009/__cypress/runner/cypress_runner.js:11327:23)\n    at Promise.attempt.Promise.try (http://192.168.3.39:9009/__cypress/runner/cypress_runner.js:8601:29)\n    at whenStable (http://192.168.3.39:9009/__cypress/runner/cypress_runner.js:153099:65)\n    at <unknown> (http://192.168.3.39:9009/__cypress/runner/cypress_runner.js:152508:14)\n    at tryCatcher (http://192.168.3.39:9009/__cypress/runner/cypress_runner.js:11327:23)\n    at Promise._settlePromiseFromHandler (http://192.168.3.39:9009/__cypress/runner/cypress_runner.js:9262:31)\n    at Promise._settlePromise (http://192.168.3.39:9009/__cypress/runner/cypress_runner.js:9319:18)\n    at Promise._settlePromise0 (http://192.168.3.39:9009/__cypress/runner/cypress_runner.js:9364:10)\n    at Promise._settlePromises (http://192.168.3.39:9009/__cypress/runner/cypress_runner.js:9444:18)\n    at Promise._fulfill (http://192.168.3.39:9009/__cypress/runner/cypress_runner.js:9388:18)\n    at <unknown> (http://192.168.3.39:9009/__cypress/runner/cypress_runner.js:11002:46)\nFrom Your Spec Code:\n    at Context.eval (webpack:///./cypress/e2e/PM/PM_Project.cy.js:347:20)",
                    "diff": null
                  },
                  "uuid": "095ee276-9ee5-4bb4-9242-4b8ba5288f85",
                  "parentUUID": "ba63a193-de67-4a07-abd3-3795247ac90c",
                  "isHook": false,
                  "skipped": false
                }
              ],
              "suites": [],
              "passes": [
                "d1dbe535-e470-4c83-aefd-e86785649163",
                "e001f295-b531-4690-ae91-f50f2f79c32a",
                "68885fc2-3c4f-4ff7-9662-2b5b87c06818",
                "2d692277-9e59-4ffa-8ec8-91fa6797c01a",
                "f03352c6-e8e8-4d80-9aee-1f9c253b3241"
              ],
              "failures": [
                "20aa55a4-8f43-4bc9-af83-b261c701d94c",
                "095ee276-9ee5-4bb4-9242-4b8ba5288f85"
              ],
              "pending": [],
              "skipped": [],
              "duration": 289901,
              "root": false,
              "rootEmpty": false,
              "_timeout": 2000
            }
          ],
          "passes": [],
          "failures": [],
          "pending": [],
          "skipped": [],
          "duration": 0,
          "root": false,
          "rootEmpty": false,
          "_timeout": 2000
        }
      ],
      "passes": [],
      "failures": [],
      "pending": [],
      "skipped": [],
      "duration": 0,
      "root": true,
      "rootEmpty": true,
      "_timeout": 2000
    }
  ],
  "meta": {
    "mocha": {
      "version": "7.0.1"
    },
    "mochawesome": {
      "options": {
        "quiet": false,
        "reportFilename": "mochawesome",
        "saveHtml": false,
        "saveJson": true,
        "consoleReporter": "spec",
        "useInlineDiffs": false,
        "code": true
      },
      "version": "7.1.3"
    },
    "marge": {
      "options": {
        "overwrite": false,
        "html": false,
        "json": true,
        "reportDir": "cypress\\reports\\html\\.jsons"
      },
      "version": "6.2.0"
    }
  }
}