{
  "stats": {
    "suites": 2,
    "tests": 4,
    "passes": 1,
    "pending": 0,
    "failures": 3,
    "start": "2023-01-25T12:57:42.072Z",
    "end": "2023-01-25T12:59:34.127Z",
    "duration": 112055,
    "testsRegistered": 4,
    "passPercent": 25,
    "pendingPercent": 0,
    "other": 0,
    "hasOther": false,
    "skipped": 0,
    "hasSkipped": false
  },
  "results": [
    {
      "uuid": "9945e2ad-b8b8-4fdd-a2ac-57c4f9945f36",
      "title": "",
      "fullFile": "cypress\\e2e\\PM\\PM_Project_Dashboard.cy.js",
      "file": "cypress\\e2e\\PM\\PM_Project_Dashboard.cy.js",
      "beforeHooks": [],
      "afterHooks": [],
      "tests": [],
      "suites": [
        {
          "uuid": "b0f3fc91-de72-48b6-8b27-f52aaf299104",
          "title": "Project Management",
          "fullFile": "",
          "file": "",
          "beforeHooks": [],
          "afterHooks": [],
          "tests": [],
          "suites": [
            {
              "uuid": "62e5c475-10fd-43fa-b18a-8a41951d7370",
              "title": "Set Resolution",
              "fullFile": "",
              "file": "",
              "beforeHooks": [],
              "afterHooks": [],
              "tests": [
                {
                  "title": "Project Dashboard",
                  "fullTitle": "Project Management Set Resolution Project Dashboard",
                  "timedOut": null,
                  "duration": 34864,
                  "state": "passed",
                  "speed": "slow",
                  "pass": true,
                  "fail": false,
                  "pending": false,
                  "context": null,
                  "code": "cy.wait(4000);\ncy.get('[role=presentation]').find('tr').eq(4).find('td').eq(2).within(() => {\n  cy.get('.link').click();\n});\ncy.get('#project_dashboard_tabs').find('[data-target=\"#EntityTab\"]').click();",
                  "err": {},
                  "uuid": "62868cdf-287d-4e27-8546-035eb28d188b",
                  "parentUUID": "62e5c475-10fd-43fa-b18a-8a41951d7370",
                  "isHook": false,
                  "skipped": false
                },
                {
                  "title": "Associate Entities",
                  "fullTitle": "Project Management Set Resolution Associate Entities",
                  "timedOut": null,
                  "duration": 43201,
                  "state": "failed",
                  "speed": null,
                  "pass": false,
                  "fail": true,
                  "pending": false,
                  "context": "{\n  \"title\": \"cypress-mochawesome-reporter-screenshots\",\n  \"value\": [\n    [\n      {\n        \"title\": \"Failed screenshot\",\n        \"value\": \"\\\\PM_Project_Dashboard.cy.js\\\\Project Management -- Set Resolution -- Associate Entities (failed).png\"\n      }\n    ]\n  ]\n}",
                  "code": "cy.wait(4000);\ncy.get('[role=presentation]').find('tr').eq(2).find('td').eq(2).within(() => {\n  cy.get('.link').click();\n});\ncy.get('#project_dashboard_tabs').find('[data-target=\"#EntityTab\"]').click();\ncy.wait(5000);\ncy.get('#projectSitesGridContainer').within(() => {\n  cy.get('[role=toolbar]').contains('Entities').click({\n    force: true\n  });\n});\ncy.get('#sitesGrid').within(() => {\n  cy.get('[role=toolbar]').contains('Associate Entities').click({\n    force: true\n  });\n});\ncy.get('#associates_sites').find('h4').should('be.visible').contains('Associate Entities');\ncy.get('#associates_sites').within(() => {\n  cy.get('[role=presentation]');\n  cy.get('[role=row]').find('td').get('[role=gridcell]').eq(1).click({\n    force: true\n  });\n});\ncy.get('#btnAssociate').click();\ncy.get('.title').then(function ($timeline) {\n  const Success = $timeline.text();\n  cy.log(Success);\n  expect(Success).eq('Success');\n});\ncy.log('Entities associate successfully');",
                  "err": {
                    "message": "AssertionError: expected 'Warning' to equal 'Success'",
                    "estack": "AssertionError: expected 'Warning' to equal 'Success'\n    at Context.eval (webpack:///./cypress/e2e/PM/PM_Project_Dashboard.cy.js:53:26)",
                    "diff": "- 'Warning'\n+ 'Success'\n"
                  },
                  "uuid": "7f1923a7-ea9e-4efd-b941-55467f831a76",
                  "parentUUID": "62e5c475-10fd-43fa-b18a-8a41951d7370",
                  "isHook": false,
                  "skipped": false
                },
                {
                  "title": "Add Region and Market on Entity",
                  "fullTitle": "Project Management Set Resolution Add Region and Market on Entity",
                  "timedOut": null,
                  "duration": 14784,
                  "state": "failed",
                  "speed": null,
                  "pass": false,
                  "fail": true,
                  "pending": false,
                  "context": "{\n  \"title\": \"cypress-mochawesome-reporter-screenshots\",\n  \"value\": [\n    [\n      {\n        \"title\": \"Failed screenshot\",\n        \"value\": \"\\\\PM_Project_Dashboard.cy.js\\\\Project Management -- Set Resolution -- Add Region and Market on Entity (failed).png\"\n      }\n    ]\n  ]\n}",
                  "code": "cy.get('[role=presentation]').find('[aria-rowindex=\"1\"]').find('[aria-colindex=\"14\"]').within(() => {\n  cy.get('[src=\"/Theme/AirViewX/images/general_icons/iconset/final/edit.svg\"]').click({\n    force: true,\n    multiple: true\n  });\n});\ncy.wait(5000);\ncy.get('h4').should('be.visible').contains('Edit Entity -');\ncy.get('#tabs').find('#modal_locationTab_li').click();\ncy.get('#entityLocationTabPartialView').find('[src=\"/Theme/AirViewX/images/ems/edit_icon.svg\"]').click();\ncy.get('#EntityCountryId').type('United');\ncy.get('[role=listbox]').get('[role=option]');\ncy.contains('[role=option]', /^United States$/).click({\n  force: true\n});\ncy.get('#EntityRegionId').type('West').wait(5000);\ncy.get('[role=listbox]').get('[role=option]');\ncy.contains('[role=option]', 'West').click({\n  force: true\n});\ncy.get('#EntityMarketId').click().type('cal').wait(5000);\ncy.get('[role=listbox]').get('[role=option]');\ncy.contains('[role=option]', 'California').click({\n  force: true\n});\ncy.get('#entityLocationTabPartialView').find('[src=\"/Theme/AirViewX/images/ems/save.svg\"]').click();\ncy.get('#btnEntityUpdate').click({\n  force: true\n});\ncy.log('Region and Markets are added on Entity  successfully');",
                  "err": {
                    "message": "AssertionError: Timed out retrying after 4000ms: Expected to find element: `[src=\"/Theme/AirViewX/images/general_icons/iconset/final/edit.svg\"]`, but never found it.",
                    "estack": "AssertionError: Timed out retrying after 4000ms: Expected to find element: `[src=\"/Theme/AirViewX/images/general_icons/iconset/final/edit.svg\"]`, but never found it.\n    at Context.eval (webpack:///./cypress/e2e/PM/PM_Project_Dashboard.cy.js:60:13)",
                    "diff": null
                  },
                  "uuid": "44229403-ff59-4f6c-b876-9983d2307a59",
                  "parentUUID": "62e5c475-10fd-43fa-b18a-8a41951d7370",
                  "isHook": false,
                  "skipped": false
                },
                {
                  "title": "Assign Manager",
                  "fullTitle": "Project Management Set Resolution Assign Manager",
                  "timedOut": null,
                  "duration": 13749,
                  "state": "failed",
                  "speed": null,
                  "pass": false,
                  "fail": true,
                  "pending": false,
                  "context": "{\n  \"title\": \"cypress-mochawesome-reporter-screenshots\",\n  \"value\": [\n    [\n      {\n        \"title\": \"Failed screenshot\",\n        \"value\": \"\\\\PM_Project_Dashboard.cy.js\\\\Project Management -- Set Resolution -- Assign Manager (failed).png\"\n      }\n    ]\n  ]\n}",
                  "code": "cy.get('[role=presentation]').find('[aria-rowindex=\"1\"]').find('[aria-colindex=\"12\"]').click();\ncy.get('[role=listbox]').get('[role=option]');\ncy.contains('[role=option]', 'Bilal').click({\n  force: true\n});",
                  "err": {
                    "message": "AssertionError: Timed out retrying after 4000ms: Expected to find element: `[role=listbox]`, but never found it.",
                    "estack": "AssertionError: Timed out retrying after 4000ms: Expected to find element: `[role=listbox]`, but never found it.\n    at Context.eval (webpack:///./cypress/e2e/PM/PM_Project_Dashboard.cy.js:87:11)",
                    "diff": null
                  },
                  "uuid": "bee176b3-210a-47b6-9902-2721d148c275",
                  "parentUUID": "62e5c475-10fd-43fa-b18a-8a41951d7370",
                  "isHook": false,
                  "skipped": false
                }
              ],
              "suites": [],
              "passes": [
                "62868cdf-287d-4e27-8546-035eb28d188b"
              ],
              "failures": [
                "7f1923a7-ea9e-4efd-b941-55467f831a76",
                "44229403-ff59-4f6c-b876-9983d2307a59",
                "bee176b3-210a-47b6-9902-2721d148c275"
              ],
              "pending": [],
              "skipped": [],
              "duration": 106598,
              "root": false,
              "rootEmpty": false,
              "_timeout": 2000
            }
          ],
          "passes": [],
          "failures": [],
          "pending": [],
          "skipped": [],
          "duration": 0,
          "root": false,
          "rootEmpty": false,
          "_timeout": 2000
        }
      ],
      "passes": [],
      "failures": [],
      "pending": [],
      "skipped": [],
      "duration": 0,
      "root": true,
      "rootEmpty": true,
      "_timeout": 2000
    }
  ],
  "meta": {
    "mocha": {
      "version": "7.0.1"
    },
    "mochawesome": {
      "options": {
        "quiet": false,
        "reportFilename": "mochawesome",
        "saveHtml": false,
        "saveJson": true,
        "consoleReporter": "spec",
        "useInlineDiffs": false,
        "code": true
      },
      "version": "7.1.3"
    },
    "marge": {
      "options": {
        "overwrite": false,
        "html": false,
        "json": true,
        "reportDir": "cypress\\reports\\html\\.jsons"
      },
      "version": "6.2.0"
    }
  }
}