{
  "stats": {
    "suites": 1,
    "tests": 1,
    "passes": 1,
    "pending": 0,
    "failures": 0,
    "start": "2023-01-26T06:31:58.017Z",
    "end": "2023-01-26T06:32:20.992Z",
    "duration": 22975,
    "testsRegistered": 1,
    "passPercent": 100,
    "pendingPercent": 0,
    "other": 0,
    "hasOther": false,
    "skipped": 0,
    "hasSkipped": false
  },
  "results": [
    {
      "uuid": "3107503e-705c-4844-9b39-b381e4a9b219",
      "title": "",
      "fullFile": "cypress\\e2e\\Login\\login.cy.js",
      "file": "cypress\\e2e\\Login\\login.cy.js",
      "beforeHooks": [],
      "afterHooks": [],
      "tests": [],
      "suites": [
        {
          "uuid": "067782ef-a152-409b-a8cd-5a426b90551a",
          "title": "AVX2-Login",
          "fullFile": "",
          "file": "",
          "beforeHooks": [],
          "afterHooks": [],
          "tests": [
            {
              "title": "User-Login",
              "fullTitle": "AVX2-Login User-Login",
              "timedOut": null,
              "duration": 18513,
              "state": "passed",
              "speed": "slow",
              "pass": true,
              "fail": false,
              "pending": false,
              "context": null,
              "code": "cy.visit(\"http://192.168.3.39:9009/\");\ncy.get('[type=text]').type(\"m.bilal\");\ncy.get('[type=password]').type(\"Bilal@12345a\");\ncy.get('[type=submit]').click();\ncy.url().should('eq', 'http://192.168.3.39:9009/Project/Project/List');\ncy.log(\"Test Case Pass\");\ncy.log(\"Success\");",
              "err": {},
              "uuid": "ebfd6d99-ed09-40eb-a795-ae9dda78fb6d",
              "parentUUID": "067782ef-a152-409b-a8cd-5a426b90551a",
              "isHook": false,
              "skipped": false
            }
          ],
          "suites": [],
          "passes": [
            "ebfd6d99-ed09-40eb-a795-ae9dda78fb6d"
          ],
          "failures": [],
          "pending": [],
          "skipped": [],
          "duration": 18513,
          "root": false,
          "rootEmpty": false,
          "_timeout": 2000
        }
      ],
      "passes": [],
      "failures": [],
      "pending": [],
      "skipped": [],
      "duration": 0,
      "root": true,
      "rootEmpty": true,
      "_timeout": 2000
    }
  ],
  "meta": {
    "mocha": {
      "version": "7.0.1"
    },
    "mochawesome": {
      "options": {
        "quiet": false,
        "reportFilename": "[status]_[datetime]-[name]-report",
        "saveHtml": true,
        "saveJson": true,
        "consoleReporter": "spec",
        "useInlineDiffs": false,
        "code": true
      },
      "version": "7.1.3"
    },
    "marge": {
      "options": {
        "reportDir": "cypress/results",
        "charts": true,
        "reportPageTitle": "Report",
        "reportFilename": "[status]_[datetime]-[name]-report",
        "timestamp": "longDate",
        "overwrite": false,
        "html": true,
        "json": true
      },
      "version": "6.2.0"
    }
  }
}